[2023-06-13T07:11:01.091+0000] {taskinstance.py:1087} INFO - Dependencies all met for <TaskInstance: add_entry_dag.create_table_task scheduled__2023-06-13T07:10:00+00:00 [queued]>
[2023-06-13T07:11:01.097+0000] {taskinstance.py:1087} INFO - Dependencies all met for <TaskInstance: add_entry_dag.create_table_task scheduled__2023-06-13T07:10:00+00:00 [queued]>
[2023-06-13T07:11:01.098+0000] {taskinstance.py:1283} INFO - 
--------------------------------------------------------------------------------
[2023-06-13T07:11:01.098+0000] {taskinstance.py:1284} INFO - Starting attempt 1 of 1
[2023-06-13T07:11:01.099+0000] {taskinstance.py:1285} INFO - 
--------------------------------------------------------------------------------
[2023-06-13T07:11:01.107+0000] {taskinstance.py:1304} INFO - Executing <Task(PythonOperator): create_table_task> on 2023-06-13 07:10:00+00:00
[2023-06-13T07:11:01.112+0000] {standard_task_runner.py:55} INFO - Started process 1404 to run task
[2023-06-13T07:11:01.116+0000] {standard_task_runner.py:82} INFO - Running: ['***', 'tasks', 'run', 'add_entry_dag', 'create_table_task', 'scheduled__2023-06-13T07:10:00+00:00', '--job-id', '92', '--raw', '--subdir', 'DAGS_FOLDER/AssignmentDag.py', '--cfg-path', '/tmp/tmp7byija4l']
[2023-06-13T07:11:01.119+0000] {standard_task_runner.py:83} INFO - Job 92: Subtask create_table_task
[2023-06-13T07:11:01.178+0000] {task_command.py:389} INFO - Running <TaskInstance: add_entry_dag.create_table_task scheduled__2023-06-13T07:10:00+00:00 [running]> on host 1840d8ec0686
[2023-06-13T07:11:01.229+0000] {taskinstance.py:1513} INFO - Exporting the following env vars:
AIRFLOW_CTX_DAG_OWNER=***
AIRFLOW_CTX_DAG_ID=add_entry_dag
AIRFLOW_CTX_TASK_ID=create_table_task
AIRFLOW_CTX_EXECUTION_DATE=2023-06-13T07:10:00+00:00
AIRFLOW_CTX_TRY_NUMBER=1
AIRFLOW_CTX_DAG_RUN_ID=scheduled__2023-06-13T07:10:00+00:00
[2023-06-13T07:11:01.238+0000] {base.py:73} INFO - Using connection ID 'postgres_connection' for task execution.
[2023-06-13T07:11:01.243+0000] {sql.py:364} INFO - Running statement: CREATE TABLE IF NOT EXISTS assignment_table (execution_time TIMESTAMP), parameters: None
[2023-06-13T07:11:01.244+0000] {python.py:177} INFO - Done. Returned value was: None
[2023-06-13T07:11:01.252+0000] {taskinstance.py:1327} INFO - Marking task as SUCCESS. dag_id=add_entry_dag, task_id=create_table_task, execution_date=20230613T071000, start_date=20230613T071101, end_date=20230613T071101
[2023-06-13T07:11:01.289+0000] {local_task_job.py:159} INFO - Task exited with return code 0
[2023-06-13T07:11:01.305+0000] {taskinstance.py:2582} INFO - 1 downstream tasks scheduled from follow-on schedule check
