[2023-06-13T06:29:44.908+0000] {manager.py:487} INFO - Processing files using up to 2 processes at a time 
[2023-06-13T06:29:44.912+0000] {manager.py:488} INFO - Process each file at most once every 30 seconds
[2023-06-13T06:29:44.921+0000] {manager.py:490} INFO - Checking for new files in /opt/airflow/dags every 300 seconds
[2023-06-13T06:29:44.923+0000] {manager.py:736} INFO - Searching for files in /opt/airflow/dags
[2023-06-13T06:29:44.928+0000] {manager.py:739} INFO - There are 0 files in /opt/airflow/dags
[2023-06-13T06:34:45.846+0000] {manager.py:736} INFO - Searching for files in /opt/airflow/dags
[2023-06-13T06:34:45.863+0000] {manager.py:739} INFO - There are 1 files in /opt/airflow/dags
[2023-06-13T06:34:46.901+0000] {manager.py:864} INFO - 
================================================================================
DAG File Processing Stats

File Path                           PID    Runtime      # DAGs    # Errors  Last Runtime    Last Run
----------------------------------  -----  ---------  --------  ----------  --------------  -------------------
/opt/airflow/dags/AssignmentDag.py                           1           0  0.22s           2023-06-13T06:34:46
================================================================================
[2023-06-13T06:35:17.330+0000] {manager.py:864} INFO - 
================================================================================
DAG File Processing Stats

File Path                           PID    Runtime      # DAGs    # Errors  Last Runtime    Last Run
----------------------------------  -----  ---------  --------  ----------  --------------  -------------------
/opt/airflow/dags/AssignmentDag.py                           1           0  0.17s           2023-06-13T06:35:16
================================================================================
[2023-06-13T06:35:47.652+0000] {manager.py:864} INFO - 
================================================================================
DAG File Processing Stats

File Path                           PID    Runtime      # DAGs    # Errors  Last Runtime    Last Run
----------------------------------  -----  ---------  --------  ----------  --------------  -------------------
/opt/airflow/dags/AssignmentDag.py                           1           0  0.16s           2023-06-13T06:35:46
================================================================================
[2023-06-13T06:36:17.896+0000] {manager.py:864} INFO - 
================================================================================
DAG File Processing Stats

File Path                           PID    Runtime      # DAGs    # Errors  Last Runtime    Last Run
----------------------------------  -----  ---------  --------  ----------  --------------  -------------------
/opt/airflow/dags/AssignmentDag.py                           1           0  0.17s           2023-06-13T06:36:17
================================================================================
[2023-06-13T06:36:48.082+0000] {manager.py:864} INFO - 
================================================================================
DAG File Processing Stats

File Path                           PID    Runtime      # DAGs    # Errors  Last Runtime    Last Run
----------------------------------  -----  ---------  --------  ----------  --------------  -------------------
/opt/airflow/dags/AssignmentDag.py                           1           0  0.13s           2023-06-13T06:36:47
================================================================================
[2023-06-13T06:37:10.021+0000] {manager.py:469} INFO - Exiting gracefully upon receiving signal 15
[2023-06-13T06:39:12.089+0000] {manager.py:483} INFO - Processing files using up to 2 processes at a time 
[2023-06-13T06:39:12.091+0000] {manager.py:484} INFO - Process each file at most once every 30 seconds
[2023-06-13T06:39:12.093+0000] {manager.py:486} INFO - Checking for new files in /opt/airflow/dags every 300 seconds
[2023-06-13T06:39:12.095+0000] {manager.py:726} INFO - Searching for files in /opt/airflow/dags
[2023-06-13T06:39:12.111+0000] {manager.py:729} INFO - There are 1 files in /opt/airflow/dags
[2023-06-13T06:39:12.203+0000] {manager.py:851} INFO - 
================================================================================
DAG File Processing Stats

File Path                             PID  Runtime      # DAGs    # Errors  Last Runtime    Last Run
----------------------------------  -----  ---------  --------  ----------  --------------  ----------
/opt/airflow/dags/AssignmentDag.py    165  0.02s             0           0
================================================================================
[2023-06-13T06:39:42.377+0000] {manager.py:851} INFO - 
================================================================================
DAG File Processing Stats

File Path                           PID    Runtime      # DAGs    # Errors  Last Runtime    Last Run
----------------------------------  -----  ---------  --------  ----------  --------------  -------------------
/opt/airflow/dags/AssignmentDag.py                           1           0  0.23s           2023-06-13T06:39:12
================================================================================
[2023-06-13T06:40:12.798+0000] {manager.py:851} INFO - 
================================================================================
DAG File Processing Stats

File Path                             PID  Runtime      # DAGs    # Errors  Last Runtime    Last Run
----------------------------------  -----  ---------  --------  ----------  --------------  -------------------
/opt/airflow/dags/AssignmentDag.py    236  0.01s             1           0  0.16s           2023-06-13T06:39:42
================================================================================
[2023-06-13T06:40:43.097+0000] {manager.py:851} INFO - 
================================================================================
DAG File Processing Stats

File Path                             PID  Runtime      # DAGs    # Errors  Last Runtime    Last Run
----------------------------------  -----  ---------  --------  ----------  --------------  -------------------
/opt/airflow/dags/AssignmentDag.py    277  0.02s             1           0  0.12s           2023-06-13T06:40:12
================================================================================
[2023-06-13T06:41:13.344+0000] {manager.py:851} INFO - 
================================================================================
DAG File Processing Stats

File Path                             PID  Runtime      # DAGs    # Errors  Last Runtime    Last Run
----------------------------------  -----  ---------  --------  ----------  --------------  -------------------
/opt/airflow/dags/AssignmentDag.py    318  0.00s             1           0  0.14s           2023-06-13T06:40:43
================================================================================
[2023-06-13T06:41:43.567+0000] {manager.py:851} INFO - 
================================================================================
DAG File Processing Stats

File Path                             PID  Runtime      # DAGs    # Errors  Last Runtime    Last Run
----------------------------------  -----  ---------  --------  ----------  --------------  -------------------
/opt/airflow/dags/AssignmentDag.py    346  0.01s             1           0  0.11s           2023-06-13T06:41:13
================================================================================
[2023-06-13T06:42:13.748+0000] {manager.py:851} INFO - 
================================================================================
DAG File Processing Stats

File Path                             PID  Runtime      # DAGs    # Errors  Last Runtime    Last Run
----------------------------------  -----  ---------  --------  ----------  --------------  -------------------
/opt/airflow/dags/AssignmentDag.py    388  0.00s             1           0  0.13s           2023-06-13T06:41:43
================================================================================
[2023-06-13T06:42:43.959+0000] {manager.py:851} INFO - 
================================================================================
DAG File Processing Stats

File Path                             PID  Runtime      # DAGs    # Errors  Last Runtime    Last Run
----------------------------------  -----  ---------  --------  ----------  --------------  -------------------
/opt/airflow/dags/AssignmentDag.py    429  0.01s             1           0  0.11s           2023-06-13T06:42:13
================================================================================
[2023-06-13T06:43:14.252+0000] {manager.py:851} INFO - 
================================================================================
DAG File Processing Stats

File Path                             PID  Runtime      # DAGs    # Errors  Last Runtime    Last Run
----------------------------------  -----  ---------  --------  ----------  --------------  -------------------
/opt/airflow/dags/AssignmentDag.py    458  0.01s             1           0  0.16s           2023-06-13T06:42:44
================================================================================
[2023-06-13T06:43:34.840+0000] {manager.py:465} INFO - Exiting gracefully upon receiving signal 15
[2023-06-13T06:44:06.597+0000] {manager.py:483} INFO - Processing files using up to 2 processes at a time 
[2023-06-13T06:44:06.599+0000] {manager.py:484} INFO - Process each file at most once every 30 seconds
[2023-06-13T06:44:06.601+0000] {manager.py:486} INFO - Checking for new files in /opt/airflow/dags every 300 seconds
[2023-06-13T06:44:06.602+0000] {manager.py:726} INFO - Searching for files in /opt/airflow/dags
[2023-06-13T06:44:06.616+0000] {manager.py:729} INFO - There are 1 files in /opt/airflow/dags
[2023-06-13T06:44:06.666+0000] {manager.py:851} INFO - 
================================================================================
DAG File Processing Stats

File Path                             PID  Runtime      # DAGs    # Errors  Last Runtime    Last Run
----------------------------------  -----  ---------  --------  ----------  --------------  ----------
/opt/airflow/dags/AssignmentDag.py    166  0.02s             0           0
================================================================================
[2023-06-13T06:44:36.889+0000] {manager.py:851} INFO - 
================================================================================
DAG File Processing Stats

File Path                           PID    Runtime      # DAGs    # Errors  Last Runtime    Last Run
----------------------------------  -----  ---------  --------  ----------  --------------  -------------------
/opt/airflow/dags/AssignmentDag.py                           1           0  0.24s           2023-06-13T06:44:06
================================================================================
[2023-06-13T06:45:07.327+0000] {manager.py:851} INFO - 
================================================================================
DAG File Processing Stats

File Path                             PID  Runtime      # DAGs    # Errors  Last Runtime    Last Run
----------------------------------  -----  ---------  --------  ----------  --------------  -------------------
/opt/airflow/dags/AssignmentDag.py    249  0.02s             1           0  0.15s           2023-06-13T06:44:37
================================================================================
[2023-06-13T06:45:37.668+0000] {manager.py:851} INFO - 
================================================================================
DAG File Processing Stats

File Path                             PID  Runtime      # DAGs    # Errors  Last Runtime    Last Run
----------------------------------  -----  ---------  --------  ----------  --------------  -------------------
/opt/airflow/dags/AssignmentDag.py    292  0.01s             1           0  0.12s           2023-06-13T06:45:07
================================================================================
[2023-06-13T06:46:07.924+0000] {manager.py:851} INFO - 
================================================================================
DAG File Processing Stats

File Path                             PID  Runtime      # DAGs    # Errors  Last Runtime    Last Run
----------------------------------  -----  ---------  --------  ----------  --------------  -------------------
/opt/airflow/dags/AssignmentDag.py    337  0.01s             1           0  0.11s           2023-06-13T06:45:37
================================================================================
[2023-06-13T06:46:38.239+0000] {manager.py:851} INFO - 
================================================================================
DAG File Processing Stats

File Path                             PID  Runtime      # DAGs    # Errors  Last Runtime    Last Run
----------------------------------  -----  ---------  --------  ----------  --------------  -------------------
/opt/airflow/dags/AssignmentDag.py    366  0.02s             1           0  0.18s           2023-06-13T06:46:08
================================================================================
[2023-06-13T06:47:08.541+0000] {manager.py:851} INFO - 
================================================================================
DAG File Processing Stats

File Path                             PID  Runtime      # DAGs    # Errors  Last Runtime    Last Run
----------------------------------  -----  ---------  --------  ----------  --------------  -------------------
/opt/airflow/dags/AssignmentDag.py    411  0.01s             1           0  0.15s           2023-06-13T06:46:38
================================================================================
[2023-06-13T06:47:38.800+0000] {manager.py:851} INFO - 
================================================================================
DAG File Processing Stats

File Path                             PID  Runtime      # DAGs    # Errors  Last Runtime    Last Run
----------------------------------  -----  ---------  --------  ----------  --------------  -------------------
/opt/airflow/dags/AssignmentDag.py    453  0.01s             1           0  0.11s           2023-06-13T06:47:08
================================================================================
[2023-06-13T06:48:09.132+0000] {manager.py:851} INFO - 
================================================================================
DAG File Processing Stats

File Path                             PID  Runtime      # DAGs    # Errors  Last Runtime    Last Run
----------------------------------  -----  ---------  --------  ----------  --------------  -------------------
/opt/airflow/dags/AssignmentDag.py    486  0.03s             1           0  0.11s           2023-06-13T06:47:38
================================================================================
[2023-06-13T06:48:39.386+0000] {manager.py:851} INFO - 
================================================================================
DAG File Processing Stats

File Path                             PID  Runtime      # DAGs    # Errors  Last Runtime    Last Run
----------------------------------  -----  ---------  --------  ----------  --------------  -------------------
/opt/airflow/dags/AssignmentDag.py    527  0.01s             1           0  0.23s           2023-06-13T06:48:09
================================================================================
[2023-06-13T06:49:06.716+0000] {manager.py:726} INFO - Searching for files in /opt/airflow/dags
[2023-06-13T06:49:06.735+0000] {manager.py:729} INFO - There are 1 files in /opt/airflow/dags
[2023-06-13T06:49:09.616+0000] {manager.py:851} INFO - 
================================================================================
DAG File Processing Stats

File Path                             PID  Runtime      # DAGs    # Errors  Last Runtime    Last Run
----------------------------------  -----  ---------  --------  ----------  --------------  -------------------
/opt/airflow/dags/AssignmentDag.py    572  0.00s             1           0  0.14s           2023-06-13T06:48:39
================================================================================
[2023-06-13T06:49:39.933+0000] {manager.py:851} INFO - 
================================================================================
DAG File Processing Stats

File Path                             PID  Runtime      # DAGs    # Errors  Last Runtime    Last Run
----------------------------------  -----  ---------  --------  ----------  --------------  -------------------
/opt/airflow/dags/AssignmentDag.py    601  0.02s             1           0  0.12s           2023-06-13T06:49:09
================================================================================
[2023-06-13T06:50:10.202+0000] {manager.py:851} INFO - 
================================================================================
DAG File Processing Stats

File Path                             PID  Runtime      # DAGs    # Errors  Last Runtime    Last Run
----------------------------------  -----  ---------  --------  ----------  --------------  -------------------
/opt/airflow/dags/AssignmentDag.py    650  0.02s             1           0  0.12s           2023-06-13T06:49:40
================================================================================
[2023-06-13T06:50:40.560+0000] {manager.py:851} INFO - 
================================================================================
DAG File Processing Stats

File Path                           PID    Runtime      # DAGs    # Errors  Last Runtime    Last Run
----------------------------------  -----  ---------  --------  ----------  --------------  -------------------
/opt/airflow/dags/AssignmentDag.py                           1           0  0.31s           2023-06-13T06:50:31
================================================================================
[2023-06-13T06:51:10.818+0000] {manager.py:851} INFO - 
================================================================================
DAG File Processing Stats

File Path                           PID    Runtime      # DAGs    # Errors  Last Runtime    Last Run
----------------------------------  -----  ---------  --------  ----------  --------------  -------------------
/opt/airflow/dags/AssignmentDag.py                           1           0  0.13s           2023-06-13T06:51:01
================================================================================
[2023-06-13T06:51:41.096+0000] {manager.py:851} INFO - 
================================================================================
DAG File Processing Stats

File Path                           PID    Runtime      # DAGs    # Errors  Last Runtime    Last Run
----------------------------------  -----  ---------  --------  ----------  --------------  -------------------
/opt/airflow/dags/AssignmentDag.py                           1           0  0.12s           2023-06-13T06:51:32
================================================================================
[2023-06-13T06:52:11.366+0000] {manager.py:851} INFO - 
================================================================================
DAG File Processing Stats

File Path                           PID    Runtime      # DAGs    # Errors  Last Runtime    Last Run
----------------------------------  -----  ---------  --------  ----------  --------------  -------------------
/opt/airflow/dags/AssignmentDag.py                           1           0  0.11s           2023-06-13T06:52:02
================================================================================
[2023-06-13T06:52:40.310+0000] {manager.py:465} INFO - Exiting gracefully upon receiving signal 15
[2023-06-13T06:54:34.924+0000] {manager.py:483} INFO - Processing files using up to 2 processes at a time 
[2023-06-13T06:54:34.926+0000] {manager.py:484} INFO - Process each file at most once every 30 seconds
[2023-06-13T06:54:34.927+0000] {manager.py:486} INFO - Checking for new files in /opt/airflow/dags every 300 seconds
[2023-06-13T06:54:34.929+0000] {manager.py:726} INFO - Searching for files in /opt/airflow/dags
[2023-06-13T06:54:34.941+0000] {manager.py:729} INFO - There are 1 files in /opt/airflow/dags
[2023-06-13T06:54:35.000+0000] {manager.py:851} INFO - 
================================================================================
DAG File Processing Stats

File Path                             PID  Runtime      # DAGs    # Errors  Last Runtime    Last Run
----------------------------------  -----  ---------  --------  ----------  --------------  ----------
/opt/airflow/dags/AssignmentDag.py    166  0.02s             0           0
================================================================================
[2023-06-13T06:55:05.151+0000] {manager.py:851} INFO - 
================================================================================
DAG File Processing Stats

File Path                           PID    Runtime      # DAGs    # Errors  Last Runtime    Last Run
----------------------------------  -----  ---------  --------  ----------  --------------  -------------------
/opt/airflow/dags/AssignmentDag.py                           1           0  0.31s           2023-06-13T06:54:35
================================================================================
[2023-06-13T06:55:35.733+0000] {manager.py:520} INFO - DAG add_entry is missing and will be deactivated.
[2023-06-13T06:55:35.741+0000] {manager.py:530} INFO - Deactivated 1 DAGs which are no longer present in file.
[2023-06-13T06:55:35.744+0000] {manager.py:534} INFO - Deleted DAG add_entry in serialized_dag table
[2023-06-13T06:55:35.751+0000] {manager.py:851} INFO - 
================================================================================
DAG File Processing Stats

File Path                             PID  Runtime      # DAGs    # Errors  Last Runtime    Last Run
----------------------------------  -----  ---------  --------  ----------  --------------  -------------------
/opt/airflow/dags/AssignmentDag.py    235  0.00s             1           0  0.13s           2023-06-13T06:55:05
================================================================================
[2023-06-13T06:56:06.031+0000] {manager.py:851} INFO - 
================================================================================
DAG File Processing Stats

File Path                             PID  Runtime      # DAGs    # Errors  Last Runtime    Last Run
----------------------------------  -----  ---------  --------  ----------  --------------  -------------------
/opt/airflow/dags/AssignmentDag.py    274  0.01s             1           0  0.10s           2023-06-13T06:55:35
================================================================================
[2023-06-13T06:56:36.301+0000] {manager.py:851} INFO - 
================================================================================
DAG File Processing Stats

File Path                             PID  Runtime      # DAGs    # Errors  Last Runtime    Last Run
----------------------------------  -----  ---------  --------  ----------  --------------  -------------------
/opt/airflow/dags/AssignmentDag.py    319  0.01s             1           0  0.13s           2023-06-13T06:56:06
================================================================================
[2023-06-13T06:57:06.603+0000] {manager.py:851} INFO - 
================================================================================
DAG File Processing Stats

File Path                             PID  Runtime      # DAGs    # Errors  Last Runtime    Last Run
----------------------------------  -----  ---------  --------  ----------  --------------  -------------------
/opt/airflow/dags/AssignmentDag.py    352  0.01s             1           0  0.13s           2023-06-13T06:56:36
================================================================================
[2023-06-13T06:57:36.863+0000] {manager.py:851} INFO - 
================================================================================
DAG File Processing Stats

File Path                             PID  Runtime      # DAGs    # Errors  Last Runtime    Last Run
----------------------------------  -----  ---------  --------  ----------  --------------  -------------------
/opt/airflow/dags/AssignmentDag.py    393  0.01s             1           0  0.11s           2023-06-13T06:57:06
================================================================================
[2023-06-13T06:58:07.127+0000] {manager.py:851} INFO - 
================================================================================
DAG File Processing Stats

File Path                             PID  Runtime      # DAGs    # Errors  Last Runtime    Last Run
----------------------------------  -----  ---------  --------  ----------  --------------  -------------------
/opt/airflow/dags/AssignmentDag.py    438  0.01s             1           0  0.15s           2023-06-13T06:57:37
================================================================================
[2023-06-13T06:58:37.483+0000] {manager.py:851} INFO - 
================================================================================
DAG File Processing Stats

File Path                             PID  Runtime      # DAGs    # Errors  Last Runtime    Last Run
----------------------------------  -----  ---------  --------  ----------  --------------  -------------------
/opt/airflow/dags/AssignmentDag.py    467  0.01s             1           0  0.12s           2023-06-13T06:58:07
================================================================================
[2023-06-13T06:59:07.740+0000] {manager.py:851} INFO - 
================================================================================
DAG File Processing Stats

File Path                             PID  Runtime      # DAGs    # Errors  Last Runtime    Last Run
----------------------------------  -----  ---------  --------  ----------  --------------  -------------------
/opt/airflow/dags/AssignmentDag.py    512  0.00s             1           0  0.13s           2023-06-13T06:58:37
================================================================================
[2023-06-13T06:59:35.002+0000] {manager.py:726} INFO - Searching for files in /opt/airflow/dags
[2023-06-13T06:59:35.011+0000] {manager.py:729} INFO - There are 1 files in /opt/airflow/dags
[2023-06-13T06:59:38.046+0000] {manager.py:851} INFO - 
================================================================================
DAG File Processing Stats

File Path                             PID  Runtime      # DAGs    # Errors  Last Runtime    Last Run
----------------------------------  -----  ---------  --------  ----------  --------------  -------------------
/opt/airflow/dags/AssignmentDag.py    553  0.00s             1           0  0.10s           2023-06-13T06:59:07
================================================================================
[2023-06-13T07:00:08.288+0000] {manager.py:851} INFO - 
================================================================================
DAG File Processing Stats

File Path                             PID  Runtime      # DAGs    # Errors  Last Runtime    Last Run
----------------------------------  -----  ---------  --------  ----------  --------------  -------------------
/opt/airflow/dags/AssignmentDag.py    585  0.00s             1           0  0.11s           2023-06-13T06:59:38
================================================================================
[2023-06-13T07:00:38.619+0000] {manager.py:851} INFO - 
================================================================================
DAG File Processing Stats

File Path                             PID  Runtime      # DAGs    # Errors  Last Runtime    Last Run
----------------------------------  -----  ---------  --------  ----------  --------------  -------------------
/opt/airflow/dags/AssignmentDag.py    626  0.00s             1           0  0.11s           2023-06-13T07:00:08
================================================================================
[2023-06-13T07:01:08.880+0000] {manager.py:851} INFO - 
================================================================================
DAG File Processing Stats

File Path                             PID  Runtime      # DAGs    # Errors  Last Runtime    Last Run
----------------------------------  -----  ---------  --------  ----------  --------------  -------------------
/opt/airflow/dags/AssignmentDag.py    670  0.02s             1           0  0.11s           2023-06-13T07:00:38
================================================================================
[2023-06-13T07:01:39.180+0000] {manager.py:851} INFO - 
================================================================================
DAG File Processing Stats

File Path                             PID  Runtime      # DAGs    # Errors  Last Runtime    Last Run
----------------------------------  -----  ---------  --------  ----------  --------------  -------------------
/opt/airflow/dags/AssignmentDag.py    699  0.01s             1           0  0.14s           2023-06-13T07:01:08
================================================================================
[2023-06-13T07:02:09.480+0000] {manager.py:851} INFO - 
================================================================================
DAG File Processing Stats

File Path                             PID  Runtime      # DAGs    # Errors  Last Runtime    Last Run
----------------------------------  -----  ---------  --------  ----------  --------------  -------------------
/opt/airflow/dags/AssignmentDag.py    744  0.01s             1           0  0.12s           2023-06-13T07:01:39
================================================================================
[2023-06-13T07:02:39.809+0000] {manager.py:851} INFO - 
================================================================================
DAG File Processing Stats

File Path                             PID  Runtime      # DAGs    # Errors  Last Runtime    Last Run
----------------------------------  -----  ---------  --------  ----------  --------------  -------------------
/opt/airflow/dags/AssignmentDag.py    784  0.01s             1           0  0.12s           2023-06-13T07:02:09
================================================================================
[2023-06-13T07:03:10.096+0000] {manager.py:851} INFO - 
================================================================================
DAG File Processing Stats

File Path                             PID  Runtime      # DAGs    # Errors  Last Runtime    Last Run
----------------------------------  -----  ---------  --------  ----------  --------------  -------------------
/opt/airflow/dags/AssignmentDag.py    816  0.01s             1           0  0.11s           2023-06-13T07:02:39
================================================================================
[2023-06-13T07:03:40.392+0000] {manager.py:851} INFO - 
================================================================================
DAG File Processing Stats

File Path                             PID  Runtime      # DAGs    # Errors  Last Runtime    Last Run
----------------------------------  -----  ---------  --------  ----------  --------------  -------------------
/opt/airflow/dags/AssignmentDag.py    858  0.01s             1           0  0.13s           2023-06-13T07:03:10
================================================================================
[2023-06-13T07:04:10.653+0000] {manager.py:851} INFO - 
================================================================================
DAG File Processing Stats

File Path                             PID  Runtime      # DAGs    # Errors  Last Runtime    Last Run
----------------------------------  -----  ---------  --------  ----------  --------------  -------------------
/opt/airflow/dags/AssignmentDag.py    900  0.01s             1           0  0.14s           2023-06-13T07:03:40
================================================================================
[2023-06-13T07:04:35.076+0000] {manager.py:726} INFO - Searching for files in /opt/airflow/dags
[2023-06-13T07:04:35.083+0000] {manager.py:729} INFO - There are 1 files in /opt/airflow/dags
[2023-06-13T07:04:41.022+0000] {manager.py:851} INFO - 
================================================================================
DAG File Processing Stats

File Path                             PID  Runtime      # DAGs    # Errors  Last Runtime    Last Run
----------------------------------  -----  ---------  --------  ----------  --------------  -------------------
/opt/airflow/dags/AssignmentDag.py    932  0.01s             1           0  0.29s           2023-06-13T07:04:10
================================================================================
[2023-06-13T07:05:11.370+0000] {manager.py:851} INFO - 
================================================================================
DAG File Processing Stats

File Path                             PID  Runtime      # DAGs    # Errors  Last Runtime    Last Run
----------------------------------  -----  ---------  --------  ----------  --------------  -------------------
/opt/airflow/dags/AssignmentDag.py    977  0.01s             1           0  0.15s           2023-06-13T07:04:41
================================================================================
[2023-06-13T07:05:41.640+0000] {manager.py:851} INFO - 
================================================================================
DAG File Processing Stats

File Path                             PID  Runtime      # DAGs    # Errors  Last Runtime    Last Run
----------------------------------  -----  ---------  --------  ----------  --------------  -------------------
/opt/airflow/dags/AssignmentDag.py   1006  0.02s             1           0  0.11s           2023-06-13T07:05:11
================================================================================
[2023-06-13T07:06:11.864+0000] {manager.py:851} INFO - 
================================================================================
DAG File Processing Stats

File Path                             PID  Runtime      # DAGs    # Errors  Last Runtime    Last Run
----------------------------------  -----  ---------  --------  ----------  --------------  -------------------
/opt/airflow/dags/AssignmentDag.py   1051  0.01s             1           0  0.16s           2023-06-13T07:05:41
================================================================================
[2023-06-13T07:06:42.474+0000] {manager.py:851} INFO - 
================================================================================
DAG File Processing Stats

File Path                             PID  Runtime      # DAGs    # Errors  Last Runtime    Last Run
----------------------------------  -----  ---------  --------  ----------  --------------  -------------------
/opt/airflow/dags/AssignmentDag.py   1079  0.02s             1           0  0.24s           2023-06-13T07:06:12
================================================================================
[2023-06-13T07:07:12.861+0000] {manager.py:851} INFO - 
================================================================================
DAG File Processing Stats

File Path                           PID    Runtime      # DAGs    # Errors  Last Runtime    Last Run
----------------------------------  -----  ---------  --------  ----------  --------------  -------------------
/opt/airflow/dags/AssignmentDag.py                           1           0  1.25s           2023-06-13T07:06:43
================================================================================
[2023-06-13T07:07:43.129+0000] {manager.py:851} INFO - 
================================================================================
DAG File Processing Stats

File Path                           PID    Runtime      # DAGs    # Errors  Last Runtime    Last Run
----------------------------------  -----  ---------  --------  ----------  --------------  -------------------
/opt/airflow/dags/AssignmentDag.py                           1           0  0.13s           2023-06-13T07:07:14
================================================================================
[2023-06-13T07:08:13.339+0000] {manager.py:851} INFO - 
================================================================================
DAG File Processing Stats

File Path                           PID    Runtime      # DAGs    # Errors  Last Runtime    Last Run
----------------------------------  -----  ---------  --------  ----------  --------------  -------------------
/opt/airflow/dags/AssignmentDag.py                           1           0  0.12s           2023-06-13T07:07:44
================================================================================
[2023-06-13T07:08:43.593+0000] {manager.py:851} INFO - 
================================================================================
DAG File Processing Stats

File Path                           PID    Runtime      # DAGs    # Errors  Last Runtime    Last Run
----------------------------------  -----  ---------  --------  ----------  --------------  -------------------
/opt/airflow/dags/AssignmentDag.py                           1           0  0.12s           2023-06-13T07:08:14
================================================================================
[2023-06-13T07:09:13.809+0000] {manager.py:851} INFO - 
================================================================================
DAG File Processing Stats

File Path                           PID    Runtime      # DAGs    # Errors  Last Runtime    Last Run
----------------------------------  -----  ---------  --------  ----------  --------------  -------------------
/opt/airflow/dags/AssignmentDag.py                           1           0  0.11s           2023-06-13T07:08:44
================================================================================
[2023-06-13T07:09:36.022+0000] {manager.py:726} INFO - Searching for files in /opt/airflow/dags
[2023-06-13T07:09:36.032+0000] {manager.py:729} INFO - There are 1 files in /opt/airflow/dags
[2023-06-13T07:09:44.103+0000] {manager.py:851} INFO - 
================================================================================
DAG File Processing Stats

File Path                           PID    Runtime      # DAGs    # Errors  Last Runtime    Last Run
----------------------------------  -----  ---------  --------  ----------  --------------  -------------------
/opt/airflow/dags/AssignmentDag.py                           1           0  0.11s           2023-06-13T07:09:14
================================================================================
[2023-06-13T07:10:14.328+0000] {manager.py:851} INFO - 
================================================================================
DAG File Processing Stats

File Path                           PID    Runtime      # DAGs    # Errors  Last Runtime    Last Run
----------------------------------  -----  ---------  --------  ----------  --------------  -------------------
/opt/airflow/dags/AssignmentDag.py                           1           0  0.17s           2023-06-13T07:09:45
================================================================================
[2023-06-13T07:10:44.501+0000] {manager.py:851} INFO - 
================================================================================
DAG File Processing Stats

File Path                           PID    Runtime      # DAGs    # Errors  Last Runtime    Last Run
----------------------------------  -----  ---------  --------  ----------  --------------  -------------------
/opt/airflow/dags/AssignmentDag.py                           1           0  0.11s           2023-06-13T07:10:15
================================================================================
[2023-06-13T07:11:14.791+0000] {manager.py:851} INFO - 
================================================================================
DAG File Processing Stats

File Path                           PID    Runtime      # DAGs    # Errors  Last Runtime    Last Run
----------------------------------  -----  ---------  --------  ----------  --------------  -------------------
/opt/airflow/dags/AssignmentDag.py                           1           0  0.11s           2023-06-13T07:10:45
================================================================================
[2023-06-13T07:11:45.000+0000] {manager.py:851} INFO - 
================================================================================
DAG File Processing Stats

File Path                           PID    Runtime      # DAGs    # Errors  Last Runtime    Last Run
----------------------------------  -----  ---------  --------  ----------  --------------  -------------------
/opt/airflow/dags/AssignmentDag.py                           1           0  0.11s           2023-06-13T07:11:15
================================================================================
[2023-06-13T07:12:15.253+0000] {manager.py:851} INFO - 
================================================================================
DAG File Processing Stats

File Path                           PID    Runtime      # DAGs    # Errors  Last Runtime    Last Run
----------------------------------  -----  ---------  --------  ----------  --------------  -------------------
/opt/airflow/dags/AssignmentDag.py                           1           0  0.12s           2023-06-13T07:11:46
================================================================================
[2023-06-13T07:12:45.481+0000] {manager.py:851} INFO - 
================================================================================
DAG File Processing Stats

File Path                           PID    Runtime      # DAGs    # Errors  Last Runtime    Last Run
----------------------------------  -----  ---------  --------  ----------  --------------  -------------------
/opt/airflow/dags/AssignmentDag.py                           1           0  0.12s           2023-06-13T07:12:16
================================================================================
[2023-06-13T07:13:15.695+0000] {manager.py:851} INFO - 
================================================================================
DAG File Processing Stats

File Path                           PID    Runtime      # DAGs    # Errors  Last Runtime    Last Run
----------------------------------  -----  ---------  --------  ----------  --------------  -------------------
/opt/airflow/dags/AssignmentDag.py                           1           0  0.12s           2023-06-13T07:12:46
================================================================================
[2023-06-13T07:13:45.925+0000] {manager.py:851} INFO - 
================================================================================
DAG File Processing Stats

File Path                           PID    Runtime      # DAGs    # Errors  Last Runtime    Last Run
----------------------------------  -----  ---------  --------  ----------  --------------  -------------------
/opt/airflow/dags/AssignmentDag.py                           1           0  0.13s           2023-06-13T07:13:16
================================================================================
[2023-06-13T07:14:16.153+0000] {manager.py:851} INFO - 
================================================================================
DAG File Processing Stats

File Path                           PID    Runtime      # DAGs    # Errors  Last Runtime    Last Run
----------------------------------  -----  ---------  --------  ----------  --------------  -------------------
/opt/airflow/dags/AssignmentDag.py                           1           0  0.13s           2023-06-13T07:13:47
================================================================================
[2023-06-13T07:14:36.312+0000] {manager.py:726} INFO - Searching for files in /opt/airflow/dags
[2023-06-13T07:14:36.326+0000] {manager.py:729} INFO - There are 1 files in /opt/airflow/dags
[2023-06-13T07:14:46.416+0000] {manager.py:851} INFO - 
================================================================================
DAG File Processing Stats

File Path                           PID    Runtime      # DAGs    # Errors  Last Runtime    Last Run
----------------------------------  -----  ---------  --------  ----------  --------------  -------------------
/opt/airflow/dags/AssignmentDag.py                           1           0  0.12s           2023-06-13T07:14:17
================================================================================
[2023-06-13T07:15:16.631+0000] {manager.py:851} INFO - 
================================================================================
DAG File Processing Stats

File Path                           PID    Runtime      # DAGs    # Errors  Last Runtime    Last Run
----------------------------------  -----  ---------  --------  ----------  --------------  -------------------
/opt/airflow/dags/AssignmentDag.py                           1           0  0.10s           2023-06-13T07:14:47
================================================================================
[2023-06-13T07:15:46.837+0000] {manager.py:851} INFO - 
================================================================================
DAG File Processing Stats

File Path                           PID    Runtime      # DAGs    # Errors  Last Runtime    Last Run
----------------------------------  -----  ---------  --------  ----------  --------------  -------------------
/opt/airflow/dags/AssignmentDag.py                           1           0  0.12s           2023-06-13T07:15:17
================================================================================
[2023-06-13T07:16:16.975+0000] {manager.py:851} INFO - 
================================================================================
DAG File Processing Stats

File Path                           PID    Runtime      # DAGs    # Errors  Last Runtime    Last Run
----------------------------------  -----  ---------  --------  ----------  --------------  -------------------
/opt/airflow/dags/AssignmentDag.py                           1           0  0.12s           2023-06-13T07:15:47
================================================================================
[2023-06-13T07:16:47.189+0000] {manager.py:851} INFO - 
================================================================================
DAG File Processing Stats

File Path                           PID    Runtime      # DAGs    # Errors  Last Runtime    Last Run
----------------------------------  -----  ---------  --------  ----------  --------------  -------------------
/opt/airflow/dags/AssignmentDag.py                           1           0  0.24s           2023-06-13T07:16:18
================================================================================
[2023-06-13T07:17:17.411+0000] {manager.py:851} INFO - 
================================================================================
DAG File Processing Stats

File Path                           PID    Runtime      # DAGs    # Errors  Last Runtime    Last Run
----------------------------------  -----  ---------  --------  ----------  --------------  -------------------
/opt/airflow/dags/AssignmentDag.py                           1           0  0.14s           2023-06-13T07:16:48
================================================================================
[2023-06-13T07:17:47.627+0000] {manager.py:851} INFO - 
================================================================================
DAG File Processing Stats

File Path                           PID    Runtime      # DAGs    # Errors  Last Runtime    Last Run
----------------------------------  -----  ---------  --------  ----------  --------------  -------------------
/opt/airflow/dags/AssignmentDag.py                           1           0  0.18s           2023-06-13T07:17:18
================================================================================
[2023-06-13T07:18:17.914+0000] {manager.py:851} INFO - 
================================================================================
DAG File Processing Stats

File Path                           PID    Runtime      # DAGs    # Errors  Last Runtime    Last Run
----------------------------------  -----  ---------  --------  ----------  --------------  -------------------
/opt/airflow/dags/AssignmentDag.py                           1           0  0.13s           2023-06-13T07:17:48
================================================================================
[2023-06-13T07:18:48.155+0000] {manager.py:851} INFO - 
================================================================================
DAG File Processing Stats

File Path                           PID    Runtime      # DAGs    # Errors  Last Runtime    Last Run
----------------------------------  -----  ---------  --------  ----------  --------------  -------------------
/opt/airflow/dags/AssignmentDag.py                           1           0  0.13s           2023-06-13T07:18:19
================================================================================
[2023-06-13T07:19:18.342+0000] {manager.py:851} INFO - 
================================================================================
DAG File Processing Stats

File Path                           PID    Runtime      # DAGs    # Errors  Last Runtime    Last Run
----------------------------------  -----  ---------  --------  ----------  --------------  -------------------
/opt/airflow/dags/AssignmentDag.py                           1           0  0.14s           2023-06-13T07:18:49
================================================================================
[2023-06-13T07:19:36.468+0000] {manager.py:726} INFO - Searching for files in /opt/airflow/dags
[2023-06-13T07:19:36.475+0000] {manager.py:729} INFO - There are 1 files in /opt/airflow/dags
[2023-06-13T07:19:48.533+0000] {manager.py:851} INFO - 
================================================================================
DAG File Processing Stats

File Path                           PID    Runtime      # DAGs    # Errors  Last Runtime    Last Run
----------------------------------  -----  ---------  --------  ----------  --------------  -------------------
/opt/airflow/dags/AssignmentDag.py                           1           0  0.11s           2023-06-13T07:19:19
================================================================================
[2023-06-13T07:20:18.745+0000] {manager.py:851} INFO - 
================================================================================
DAG File Processing Stats

File Path                           PID    Runtime      # DAGs    # Errors  Last Runtime    Last Run
----------------------------------  -----  ---------  --------  ----------  --------------  -------------------
/opt/airflow/dags/AssignmentDag.py                           1           0  0.13s           2023-06-13T07:19:49
================================================================================
[2023-06-13T07:20:48.956+0000] {manager.py:851} INFO - 
================================================================================
DAG File Processing Stats

File Path                           PID    Runtime      # DAGs    # Errors  Last Runtime    Last Run
----------------------------------  -----  ---------  --------  ----------  --------------  -------------------
/opt/airflow/dags/AssignmentDag.py                           1           0  0.12s           2023-06-13T07:20:19
================================================================================
[2023-06-13T07:21:19.141+0000] {manager.py:851} INFO - 
================================================================================
DAG File Processing Stats

File Path                           PID    Runtime      # DAGs    # Errors  Last Runtime    Last Run
----------------------------------  -----  ---------  --------  ----------  --------------  -------------------
/opt/airflow/dags/AssignmentDag.py                           1           0  0.12s           2023-06-13T07:20:50
================================================================================
[2023-06-13T07:21:49.405+0000] {manager.py:851} INFO - 
================================================================================
DAG File Processing Stats

File Path                           PID    Runtime      # DAGs    # Errors  Last Runtime    Last Run
----------------------------------  -----  ---------  --------  ----------  --------------  -------------------
/opt/airflow/dags/AssignmentDag.py                           1           0  0.13s           2023-06-13T07:21:20
================================================================================
[2023-06-13T07:22:19.570+0000] {manager.py:851} INFO - 
================================================================================
DAG File Processing Stats

File Path                           PID    Runtime      # DAGs    # Errors  Last Runtime    Last Run
----------------------------------  -----  ---------  --------  ----------  --------------  -------------------
/opt/airflow/dags/AssignmentDag.py                           1           0  0.13s           2023-06-13T07:21:50
================================================================================
[2023-06-13T07:22:49.792+0000] {manager.py:851} INFO - 
================================================================================
DAG File Processing Stats

File Path                           PID    Runtime      # DAGs    # Errors  Last Runtime    Last Run
----------------------------------  -----  ---------  --------  ----------  --------------  -------------------
/opt/airflow/dags/AssignmentDag.py                           1           0  0.12s           2023-06-13T07:22:20
================================================================================
[2023-06-13T07:23:19.947+0000] {manager.py:851} INFO - 
================================================================================
DAG File Processing Stats

File Path                           PID    Runtime      # DAGs    # Errors  Last Runtime    Last Run
----------------------------------  -----  ---------  --------  ----------  --------------  -------------------
/opt/airflow/dags/AssignmentDag.py                           1           0  0.16s           2023-06-13T07:22:50
================================================================================
[2023-06-13T07:23:50.214+0000] {manager.py:851} INFO - 
================================================================================
DAG File Processing Stats

File Path                           PID    Runtime      # DAGs    # Errors  Last Runtime    Last Run
----------------------------------  -----  ---------  --------  ----------  --------------  -------------------
/opt/airflow/dags/AssignmentDag.py                           1           0  0.13s           2023-06-13T07:23:21
================================================================================
[2023-06-13T07:24:20.439+0000] {manager.py:851} INFO - 
================================================================================
DAG File Processing Stats

File Path                           PID    Runtime      # DAGs    # Errors  Last Runtime    Last Run
----------------------------------  -----  ---------  --------  ----------  --------------  -------------------
/opt/airflow/dags/AssignmentDag.py                           1           0  0.12s           2023-06-13T07:23:51
================================================================================
[2023-06-13T07:24:36.513+0000] {manager.py:726} INFO - Searching for files in /opt/airflow/dags
[2023-06-13T07:24:36.523+0000] {manager.py:729} INFO - There are 1 files in /opt/airflow/dags
[2023-06-13T07:24:50.626+0000] {manager.py:851} INFO - 
================================================================================
DAG File Processing Stats

File Path                           PID    Runtime      # DAGs    # Errors  Last Runtime    Last Run
----------------------------------  -----  ---------  --------  ----------  --------------  -------------------
/opt/airflow/dags/AssignmentDag.py                           1           0  0.16s           2023-06-13T07:24:21
================================================================================
[2023-06-13T07:25:20.843+0000] {manager.py:851} INFO - 
================================================================================
DAG File Processing Stats

File Path                           PID    Runtime      # DAGs    # Errors  Last Runtime    Last Run
----------------------------------  -----  ---------  --------  ----------  --------------  -------------------
/opt/airflow/dags/AssignmentDag.py                           1           0  0.14s           2023-06-13T07:24:51
================================================================================
[2023-06-13T07:25:50.991+0000] {manager.py:851} INFO - 
================================================================================
DAG File Processing Stats

File Path                           PID    Runtime      # DAGs    # Errors  Last Runtime    Last Run
----------------------------------  -----  ---------  --------  ----------  --------------  -------------------
/opt/airflow/dags/AssignmentDag.py                           1           0  0.13s           2023-06-13T07:25:21
================================================================================
[2023-06-13T07:26:21.207+0000] {manager.py:851} INFO - 
================================================================================
DAG File Processing Stats

File Path                           PID    Runtime      # DAGs    # Errors  Last Runtime    Last Run
----------------------------------  -----  ---------  --------  ----------  --------------  -------------------
/opt/airflow/dags/AssignmentDag.py                           1           0  0.15s           2023-06-13T07:25:52
================================================================================
[2023-06-13T07:26:51.402+0000] {manager.py:851} INFO - 
================================================================================
DAG File Processing Stats

File Path                           PID    Runtime      # DAGs    # Errors  Last Runtime    Last Run
----------------------------------  -----  ---------  --------  ----------  --------------  -------------------
/opt/airflow/dags/AssignmentDag.py                           1           0  0.12s           2023-06-13T07:26:22
================================================================================
[2023-06-13T07:27:21.569+0000] {manager.py:851} INFO - 
================================================================================
DAG File Processing Stats

File Path                           PID    Runtime      # DAGs    # Errors  Last Runtime    Last Run
----------------------------------  -----  ---------  --------  ----------  --------------  -------------------
/opt/airflow/dags/AssignmentDag.py                           1           0  0.13s           2023-06-13T07:26:52
================================================================================
[2023-06-13T07:27:51.753+0000] {manager.py:851} INFO - 
================================================================================
DAG File Processing Stats

File Path                           PID    Runtime      # DAGs    # Errors  Last Runtime    Last Run
----------------------------------  -----  ---------  --------  ----------  --------------  -------------------
/opt/airflow/dags/AssignmentDag.py                           1           0  0.16s           2023-06-13T07:27:22
================================================================================
[2023-06-13T07:28:21.999+0000] {manager.py:851} INFO - 
================================================================================
DAG File Processing Stats

File Path                           PID    Runtime      # DAGs    # Errors  Last Runtime    Last Run
----------------------------------  -----  ---------  --------  ----------  --------------  -------------------
/opt/airflow/dags/AssignmentDag.py                           1           0  0.11s           2023-06-13T07:27:52
================================================================================
[2023-06-13T07:28:52.153+0000] {manager.py:851} INFO - 
================================================================================
DAG File Processing Stats

File Path                           PID    Runtime      # DAGs    # Errors  Last Runtime    Last Run
----------------------------------  -----  ---------  --------  ----------  --------------  -------------------
/opt/airflow/dags/AssignmentDag.py                           1           0  0.12s           2023-06-13T07:28:23
================================================================================
[2023-06-13T07:29:22.388+0000] {manager.py:851} INFO - 
================================================================================
DAG File Processing Stats

File Path                           PID    Runtime      # DAGs    # Errors  Last Runtime    Last Run
----------------------------------  -----  ---------  --------  ----------  --------------  -------------------
/opt/airflow/dags/AssignmentDag.py                           1           0  0.12s           2023-06-13T07:28:53
================================================================================
[2023-06-13T07:29:36.579+0000] {manager.py:726} INFO - Searching for files in /opt/airflow/dags
[2023-06-13T07:29:36.586+0000] {manager.py:729} INFO - There are 1 files in /opt/airflow/dags
[2023-06-13T07:29:52.530+0000] {manager.py:851} INFO - 
================================================================================
DAG File Processing Stats

File Path                           PID    Runtime      # DAGs    # Errors  Last Runtime    Last Run
----------------------------------  -----  ---------  --------  ----------  --------------  -------------------
/opt/airflow/dags/AssignmentDag.py                           1           0  0.15s           2023-06-13T07:29:23
================================================================================
[2023-06-13T07:30:22.768+0000] {manager.py:851} INFO - 
================================================================================
DAG File Processing Stats

File Path                           PID    Runtime      # DAGs    # Errors  Last Runtime    Last Run
----------------------------------  -----  ---------  --------  ----------  --------------  -------------------
/opt/airflow/dags/AssignmentDag.py                           1           0  0.16s           2023-06-13T07:29:53
================================================================================
[2023-06-13T07:30:53.053+0000] {manager.py:851} INFO - 
================================================================================
DAG File Processing Stats

File Path                           PID    Runtime      # DAGs    # Errors  Last Runtime    Last Run
----------------------------------  -----  ---------  --------  ----------  --------------  -------------------
/opt/airflow/dags/AssignmentDag.py                           1           0  0.13s           2023-06-13T07:30:24
================================================================================
[2023-06-13T07:31:23.303+0000] {manager.py:851} INFO - 
================================================================================
DAG File Processing Stats

File Path                           PID    Runtime      # DAGs    # Errors  Last Runtime    Last Run
----------------------------------  -----  ---------  --------  ----------  --------------  -------------------
/opt/airflow/dags/AssignmentDag.py                           1           0  0.13s           2023-06-13T07:30:54
================================================================================
[2023-06-13T07:31:53.511+0000] {manager.py:851} INFO - 
================================================================================
DAG File Processing Stats

File Path                           PID    Runtime      # DAGs    # Errors  Last Runtime    Last Run
----------------------------------  -----  ---------  --------  ----------  --------------  -------------------
/opt/airflow/dags/AssignmentDag.py                           1           0  0.11s           2023-06-13T07:31:24
================================================================================
[2023-06-13T07:32:23.645+0000] {manager.py:851} INFO - 
================================================================================
DAG File Processing Stats

File Path                           PID    Runtime      # DAGs    # Errors  Last Runtime    Last Run
----------------------------------  -----  ---------  --------  ----------  --------------  -------------------
/opt/airflow/dags/AssignmentDag.py                           1           0  0.13s           2023-06-13T07:31:54
================================================================================
[2023-06-13T07:32:53.843+0000] {manager.py:851} INFO - 
================================================================================
DAG File Processing Stats

File Path                           PID    Runtime      # DAGs    # Errors  Last Runtime    Last Run
----------------------------------  -----  ---------  --------  ----------  --------------  -------------------
/opt/airflow/dags/AssignmentDag.py                           1           0  0.29s           2023-06-13T07:32:24
================================================================================
[2023-06-13T07:33:24.132+0000] {manager.py:851} INFO - 
================================================================================
DAG File Processing Stats

File Path                           PID    Runtime      # DAGs    # Errors  Last Runtime    Last Run
----------------------------------  -----  ---------  --------  ----------  --------------  -------------------
/opt/airflow/dags/AssignmentDag.py                           1           0  0.17s           2023-06-13T07:32:55
================================================================================
[2023-06-13T07:33:54.424+0000] {manager.py:851} INFO - 
================================================================================
DAG File Processing Stats

File Path                           PID    Runtime      # DAGs    # Errors  Last Runtime    Last Run
----------------------------------  -----  ---------  --------  ----------  --------------  -------------------
/opt/airflow/dags/AssignmentDag.py                           1           0  0.15s           2023-06-13T07:33:25
================================================================================
[2023-06-13T07:34:24.684+0000] {manager.py:851} INFO - 
================================================================================
DAG File Processing Stats

File Path                           PID    Runtime      # DAGs    # Errors  Last Runtime    Last Run
----------------------------------  -----  ---------  --------  ----------  --------------  -------------------
/opt/airflow/dags/AssignmentDag.py                           1           0  0.14s           2023-06-13T07:33:55
================================================================================
[2023-06-13T07:34:36.864+0000] {manager.py:726} INFO - Searching for files in /opt/airflow/dags
[2023-06-13T07:34:36.880+0000] {manager.py:729} INFO - There are 1 files in /opt/airflow/dags
[2023-06-13T07:34:54.999+0000] {manager.py:851} INFO - 
================================================================================
DAG File Processing Stats

File Path                           PID    Runtime      # DAGs    # Errors  Last Runtime    Last Run
----------------------------------  -----  ---------  --------  ----------  --------------  -------------------
/opt/airflow/dags/AssignmentDag.py                           1           0  0.17s           2023-06-13T07:34:25
================================================================================
[2023-06-13T07:35:25.209+0000] {manager.py:851} INFO - 
================================================================================
DAG File Processing Stats

File Path                           PID    Runtime      # DAGs    # Errors  Last Runtime    Last Run
----------------------------------  -----  ---------  --------  ----------  --------------  -------------------
/opt/airflow/dags/AssignmentDag.py                           1           0  0.13s           2023-06-13T07:34:56
================================================================================
[2023-06-13T07:35:55.503+0000] {manager.py:851} INFO - 
================================================================================
DAG File Processing Stats

File Path                           PID    Runtime      # DAGs    # Errors  Last Runtime    Last Run
----------------------------------  -----  ---------  --------  ----------  --------------  -------------------
/opt/airflow/dags/AssignmentDag.py                           1           0  0.14s           2023-06-13T07:35:26
================================================================================
[2023-06-13T07:36:25.701+0000] {manager.py:851} INFO - 
================================================================================
DAG File Processing Stats

File Path                           PID    Runtime      # DAGs    # Errors  Last Runtime    Last Run
----------------------------------  -----  ---------  --------  ----------  --------------  -------------------
/opt/airflow/dags/AssignmentDag.py                           1           0  0.11s           2023-06-13T07:35:56
================================================================================
[2023-06-13T07:36:56.017+0000] {manager.py:851} INFO - 
================================================================================
DAG File Processing Stats

File Path                           PID    Runtime      # DAGs    # Errors  Last Runtime    Last Run
----------------------------------  -----  ---------  --------  ----------  --------------  -------------------
/opt/airflow/dags/AssignmentDag.py                           1           0  0.12s           2023-06-13T07:36:26
================================================================================
[2023-06-13T07:37:26.235+0000] {manager.py:851} INFO - 
================================================================================
DAG File Processing Stats

File Path                           PID    Runtime      # DAGs    # Errors  Last Runtime    Last Run
----------------------------------  -----  ---------  --------  ----------  --------------  -------------------
/opt/airflow/dags/AssignmentDag.py                           1           0  0.45s           2023-06-13T07:36:57
================================================================================
[2023-06-13T07:37:56.867+0000] {manager.py:851} INFO - 
================================================================================
DAG File Processing Stats

File Path                           PID    Runtime      # DAGs    # Errors  Last Runtime    Last Run
----------------------------------  -----  ---------  --------  ----------  --------------  -------------------
/opt/airflow/dags/AssignmentDag.py                           1           0  0.15s           2023-06-13T07:37:27
================================================================================
[2023-06-13T07:38:27.041+0000] {manager.py:851} INFO - 
================================================================================
DAG File Processing Stats

File Path                           PID    Runtime      # DAGs    # Errors  Last Runtime    Last Run
----------------------------------  -----  ---------  --------  ----------  --------------  -------------------
/opt/airflow/dags/AssignmentDag.py                           1           0  0.11s           2023-06-13T07:37:57
================================================================================
[2023-06-13T07:38:57.291+0000] {manager.py:851} INFO - 
================================================================================
DAG File Processing Stats

File Path                           PID    Runtime      # DAGs    # Errors  Last Runtime    Last Run
----------------------------------  -----  ---------  --------  ----------  --------------  -------------------
/opt/airflow/dags/AssignmentDag.py                           1           0  0.10s           2023-06-13T07:38:28
================================================================================
[2023-06-13T07:39:27.456+0000] {manager.py:851} INFO - 
================================================================================
DAG File Processing Stats

File Path                           PID    Runtime      # DAGs    # Errors  Last Runtime    Last Run
----------------------------------  -----  ---------  --------  ----------  --------------  -------------------
/opt/airflow/dags/AssignmentDag.py                           1           0  0.12s           2023-06-13T07:38:58
================================================================================
[2023-06-13T07:39:37.564+0000] {manager.py:726} INFO - Searching for files in /opt/airflow/dags
[2023-06-13T07:39:37.575+0000] {manager.py:729} INFO - There are 1 files in /opt/airflow/dags
[2023-06-13T07:39:57.753+0000] {manager.py:851} INFO - 
================================================================================
DAG File Processing Stats

File Path                           PID    Runtime      # DAGs    # Errors  Last Runtime    Last Run
----------------------------------  -----  ---------  --------  ----------  --------------  -------------------
/opt/airflow/dags/AssignmentDag.py                           1           0  0.11s           2023-06-13T07:39:28
================================================================================
[2023-06-13T07:40:27.986+0000] {manager.py:851} INFO - 
================================================================================
DAG File Processing Stats

File Path                           PID    Runtime      # DAGs    # Errors  Last Runtime    Last Run
----------------------------------  -----  ---------  --------  ----------  --------------  -------------------
/opt/airflow/dags/AssignmentDag.py                           1           0  0.12s           2023-06-13T07:39:58
================================================================================
[2023-06-13T07:40:58.230+0000] {manager.py:851} INFO - 
================================================================================
DAG File Processing Stats

File Path                           PID    Runtime      # DAGs    # Errors  Last Runtime    Last Run
----------------------------------  -----  ---------  --------  ----------  --------------  -------------------
/opt/airflow/dags/AssignmentDag.py                           1           0  0.16s           2023-06-13T07:40:29
================================================================================
[2023-06-13T07:41:28.515+0000] {manager.py:851} INFO - 
================================================================================
DAG File Processing Stats

File Path                           PID    Runtime      # DAGs    # Errors  Last Runtime    Last Run
----------------------------------  -----  ---------  --------  ----------  --------------  -------------------
/opt/airflow/dags/AssignmentDag.py                           1           0  0.13s           2023-06-13T07:40:59
================================================================================
[2023-06-13T07:41:38.766+0000] {manager.py:465} INFO - Exiting gracefully upon receiving signal 15
