[2023-06-13T06:51:32.271+0000] {taskinstance.py:1087} INFO - Dependencies all met for <TaskInstance: add_entry.create_table_task manual__2023-06-13T06:51:31.393822+00:00 [queued]>
[2023-06-13T06:51:32.277+0000] {taskinstance.py:1087} INFO - Dependencies all met for <TaskInstance: add_entry.create_table_task manual__2023-06-13T06:51:31.393822+00:00 [queued]>
[2023-06-13T06:51:32.277+0000] {taskinstance.py:1283} INFO - 
--------------------------------------------------------------------------------
[2023-06-13T06:51:32.278+0000] {taskinstance.py:1284} INFO - Starting attempt 1 of 1
[2023-06-13T06:51:32.278+0000] {taskinstance.py:1285} INFO - 
--------------------------------------------------------------------------------
[2023-06-13T06:51:32.286+0000] {taskinstance.py:1304} INFO - Executing <Task(PythonOperator): create_table_task> on 2023-06-13 06:51:31.393822+00:00
[2023-06-13T06:51:32.290+0000] {standard_task_runner.py:55} INFO - Started process 763 to run task
[2023-06-13T06:51:32.293+0000] {standard_task_runner.py:82} INFO - Running: ['***', 'tasks', 'run', 'add_entry', 'create_table_task', 'manual__2023-06-13T06:51:31.393822+00:00', '--job-id', '54', '--raw', '--subdir', 'DAGS_FOLDER/AssignmentDag.py', '--cfg-path', '/tmp/tmpyxdqi0dc']
[2023-06-13T06:51:32.294+0000] {standard_task_runner.py:83} INFO - Job 54: Subtask create_table_task
[2023-06-13T06:51:32.351+0000] {task_command.py:389} INFO - Running <TaskInstance: add_entry.create_table_task manual__2023-06-13T06:51:31.393822+00:00 [running]> on host 4f6c6e07547c
[2023-06-13T06:51:32.399+0000] {taskinstance.py:1513} INFO - Exporting the following env vars:
AIRFLOW_CTX_DAG_OWNER=***
AIRFLOW_CTX_DAG_ID=add_entry
AIRFLOW_CTX_TASK_ID=create_table_task
AIRFLOW_CTX_EXECUTION_DATE=2023-06-13T06:51:31.393822+00:00
AIRFLOW_CTX_TRY_NUMBER=1
AIRFLOW_CTX_DAG_RUN_ID=manual__2023-06-13T06:51:31.393822+00:00
[2023-06-13T06:51:32.407+0000] {base.py:73} INFO - Using connection ID 'postgres_connection' for task execution.
[2023-06-13T06:51:32.412+0000] {sql.py:364} INFO - Running statement: CREATE TABLE IF NOT EXISTS assignment_table (execution_time TIMESTAMP), parameters: None
[2023-06-13T06:51:32.414+0000] {python.py:177} INFO - Done. Returned value was: None
[2023-06-13T06:51:32.422+0000] {taskinstance.py:1327} INFO - Marking task as SUCCESS. dag_id=add_entry, task_id=create_table_task, execution_date=20230613T065131, start_date=20230613T065132, end_date=20230613T065132
[2023-06-13T06:51:32.467+0000] {local_task_job.py:159} INFO - Task exited with return code 0
[2023-06-13T06:51:32.483+0000] {taskinstance.py:2582} INFO - 1 downstream tasks scheduled from follow-on schedule check
