[2023-06-13T07:07:02.218+0000] {taskinstance.py:1087} INFO - Dependencies all met for <TaskInstance: add_entry_dag.create_table_task scheduled__2023-06-13T07:06:00+00:00 [queued]>
[2023-06-13T07:07:02.242+0000] {taskinstance.py:1087} INFO - Dependencies all met for <TaskInstance: add_entry_dag.create_table_task scheduled__2023-06-13T07:06:00+00:00 [queued]>
[2023-06-13T07:07:02.244+0000] {taskinstance.py:1283} INFO - 
--------------------------------------------------------------------------------
[2023-06-13T07:07:02.245+0000] {taskinstance.py:1284} INFO - Starting attempt 1 of 1
[2023-06-13T07:07:02.247+0000] {taskinstance.py:1285} INFO - 
--------------------------------------------------------------------------------
[2023-06-13T07:07:02.267+0000] {taskinstance.py:1304} INFO - Executing <Task(PythonOperator): create_table_task> on 2023-06-13 07:06:00+00:00
[2023-06-13T07:07:02.276+0000] {standard_task_runner.py:55} INFO - Started process 1106 to run task
[2023-06-13T07:07:02.285+0000] {standard_task_runner.py:82} INFO - Running: ['***', 'tasks', 'run', 'add_entry_dag', 'create_table_task', 'scheduled__2023-06-13T07:06:00+00:00', '--job-id', '84', '--raw', '--subdir', 'DAGS_FOLDER/AssignmentDag.py', '--cfg-path', '/tmp/tmpjfd282ih']
[2023-06-13T07:07:02.289+0000] {standard_task_runner.py:83} INFO - Job 84: Subtask create_table_task
[2023-06-13T07:07:02.440+0000] {task_command.py:389} INFO - Running <TaskInstance: add_entry_dag.create_table_task scheduled__2023-06-13T07:06:00+00:00 [running]> on host 1840d8ec0686
[2023-06-13T07:07:02.631+0000] {taskinstance.py:1513} INFO - Exporting the following env vars:
AIRFLOW_CTX_DAG_OWNER=***
AIRFLOW_CTX_DAG_ID=add_entry_dag
AIRFLOW_CTX_TASK_ID=create_table_task
AIRFLOW_CTX_EXECUTION_DATE=2023-06-13T07:06:00+00:00
AIRFLOW_CTX_TRY_NUMBER=1
AIRFLOW_CTX_DAG_RUN_ID=scheduled__2023-06-13T07:06:00+00:00
[2023-06-13T07:07:02.647+0000] {base.py:73} INFO - Using connection ID 'postgres_connection' for task execution.
[2023-06-13T07:07:02.659+0000] {sql.py:364} INFO - Running statement: CREATE TABLE IF NOT EXISTS assignment_table (execution_time TIMESTAMP), parameters: None
[2023-06-13T07:07:02.667+0000] {python.py:177} INFO - Done. Returned value was: None
[2023-06-13T07:07:02.689+0000] {taskinstance.py:1327} INFO - Marking task as SUCCESS. dag_id=add_entry_dag, task_id=create_table_task, execution_date=20230613T070600, start_date=20230613T070702, end_date=20230613T070702
[2023-06-13T07:07:02.746+0000] {local_task_job.py:159} INFO - Task exited with return code 0
[2023-06-13T07:07:02.798+0000] {taskinstance.py:2582} INFO - 1 downstream tasks scheduled from follow-on schedule check
