[2023-06-13T07:00:00.882+0000] {taskinstance.py:1087} INFO - Dependencies all met for <TaskInstance: add_entry_dag.create_table_task scheduled__2023-06-13T06:59:00+00:00 [queued]>
[2023-06-13T07:00:00.888+0000] {taskinstance.py:1087} INFO - Dependencies all met for <TaskInstance: add_entry_dag.create_table_task scheduled__2023-06-13T06:59:00+00:00 [queued]>
[2023-06-13T07:00:00.889+0000] {taskinstance.py:1283} INFO - 
--------------------------------------------------------------------------------
[2023-06-13T07:00:00.889+0000] {taskinstance.py:1284} INFO - Starting attempt 1 of 1
[2023-06-13T07:00:00.890+0000] {taskinstance.py:1285} INFO - 
--------------------------------------------------------------------------------
[2023-06-13T07:00:00.897+0000] {taskinstance.py:1304} INFO - Executing <Task(PythonOperator): create_table_task> on 2023-06-13 06:59:00+00:00
[2023-06-13T07:00:00.901+0000] {standard_task_runner.py:55} INFO - Started process 582 to run task
[2023-06-13T07:00:00.904+0000] {standard_task_runner.py:82} INFO - Running: ['***', 'tasks', 'run', 'add_entry_dag', 'create_table_task', 'scheduled__2023-06-13T06:59:00+00:00', '--job-id', '70', '--raw', '--subdir', 'DAGS_FOLDER/AssignmentDag.py', '--cfg-path', '/tmp/tmpckhyierm']
[2023-06-13T07:00:00.905+0000] {standard_task_runner.py:83} INFO - Job 70: Subtask create_table_task
[2023-06-13T07:00:00.955+0000] {task_command.py:389} INFO - Running <TaskInstance: add_entry_dag.create_table_task scheduled__2023-06-13T06:59:00+00:00 [running]> on host 1840d8ec0686
[2023-06-13T07:00:01.008+0000] {taskinstance.py:1513} INFO - Exporting the following env vars:
AIRFLOW_CTX_DAG_OWNER=***
AIRFLOW_CTX_DAG_ID=add_entry_dag
AIRFLOW_CTX_TASK_ID=create_table_task
AIRFLOW_CTX_EXECUTION_DATE=2023-06-13T06:59:00+00:00
AIRFLOW_CTX_TRY_NUMBER=1
AIRFLOW_CTX_DAG_RUN_ID=scheduled__2023-06-13T06:59:00+00:00
[2023-06-13T07:00:01.018+0000] {base.py:73} INFO - Using connection ID 'postgres_connection' for task execution.
[2023-06-13T07:00:01.024+0000] {sql.py:364} INFO - Running statement: CREATE TABLE IF NOT EXISTS assignment_table (execution_time TIMESTAMP), parameters: None
[2023-06-13T07:00:01.026+0000] {python.py:177} INFO - Done. Returned value was: None
[2023-06-13T07:00:01.034+0000] {taskinstance.py:1327} INFO - Marking task as SUCCESS. dag_id=add_entry_dag, task_id=create_table_task, execution_date=20230613T065900, start_date=20230613T070000, end_date=20230613T070001
[2023-06-13T07:00:01.077+0000] {local_task_job.py:159} INFO - Task exited with return code 0
[2023-06-13T07:00:01.092+0000] {taskinstance.py:2582} INFO - 1 downstream tasks scheduled from follow-on schedule check
